<?xml version="1.0" encoding="UTF-8"?>
<!-- Generated by org.testng.reporters.JUnitReportReporter -->
<testsuite name="com.netflix.driver.TestDriver1" tests="1" time="0.079" ignored="0" failures="0" timestamp="25 Jan 2017 15:12:07 GMT" skipped="0" hostname="Saikrishna" errors="0">
  <testcase name="testing" time="0.079" classname="com.netflix.driver.TestDriver1"/>
</testsuite> <!-- com.netflix.driver.TestDriver1 -->
